빌드 시작: 2015-05-16 오후 9:50:50
     1>2 노드의 "C:\Users\youjin\Desktop\opencv_first\opencv_first\opencv_first.vcxproj" 프로젝트(build 대상)입니다.
     1>InitializeBuildStatus:
         "AlwaysCreate"이(가) 지정되었기 때문에 "Debug\opencv_first.unsuccessfulbuild"을(를) 만들고 있습니다.
       ClCompile:
         c:\Program Files (x86)\Microsoft Visual Studio 10.0\VC\bin\CL.exe /c /IC:\opencv\build\include /ZI /nologo /W3 /WX- /Od /Oy- /D WIN32 /D _DEBUG /D _CONSOLE /D _UNICODE /D UNICODE /Gm /EHsc /RTC1 /MDd /GS /fp:precise /Zc:wchar_t /Zc:forScope /Fo"Debug\\" /Fd"Debug\vc100.pdb" /Gd /TP /analyze- /errorReport:prompt main.cpp
         main.cpp
     1>c:\opencv\build\include\opencv2\flann\dist.h : warning C4819: 현재 코드 페이지(949)에서 표시할 수 없는 문자가 파일에 들어 있습니다. 데이터가 손실되지 않게 하려면 해당 파일을 유니코드 형식으로 저장하십시오.
     1>c:\opencv\build\include\opencv2\flann\dist.h : warning C4819: 현재 코드 페이지(949)에서 표시할 수 없는 문자가 파일에 들어 있습니다. 데이터가 손실되지 않게 하려면 해당 파일을 유니코드 형식으로 저장하십시오.
     1>c:\opencv\build\include\opencv2\flann\logger.h(66): warning C4996: 'fopen': This function or variable may be unsafe. Consider using fopen_s instead. To disable deprecation, use _CRT_SECURE_NO_WARNINGS. See online help for details.
                 c:\program files (x86)\microsoft visual studio 10.0\vc\include\stdio.h(234) : 'fopen' 선언을 참조하십시오.
     1>c:\opencv\build\include\opencv2\flann\dist.h : warning C4819: 현재 코드 페이지(949)에서 표시할 수 없는 문자가 파일에 들어 있습니다. 데이터가 손실되지 않게 하려면 해당 파일을 유니코드 형식으로 저장하십시오.
     1>c:\opencv\build\include\opencv2\flann\dist.h : warning C4819: 현재 코드 페이지(949)에서 표시할 수 없는 문자가 파일에 들어 있습니다. 데이터가 손실되지 않게 하려면 해당 파일을 유니코드 형식으로 저장하십시오.
     1>c:\users\youjin\desktop\opencv_first\opencv_first\main.cpp(100): warning C4018: '<' : signed 또는 unsigned가 일치하지 않습니다.
     1>c:\users\youjin\desktop\opencv_first\opencv_first\main.cpp(102): warning C4244: '인수' : 'float'에서 'int'(으)로 변환하면서 데이터가 손실될 수 있습니다.
     1>c:\users\youjin\desktop\opencv_first\opencv_first\main.cpp(102): warning C4244: '인수' : 'float'에서 'int'(으)로 변환하면서 데이터가 손실될 수 있습니다.
     1>c:\users\youjin\desktop\opencv_first\opencv_first\main.cpp(123): warning C4018: '<' : signed 또는 unsigned가 일치하지 않습니다.
       Link:
         c:\Program Files (x86)\Microsoft Visual Studio 10.0\VC\bin\link.exe /ERRORREPORT:PROMPT /OUT:"C:\Users\youjin\Desktop\opencv_first\Debug\opencv_first.exe" /INCREMENTAL /NOLOGO /LIBPATH:C:\opencv\build\x86\vc10\lib opencv_calib3d2410d.lib opencv_contrib2410d.lib opencv_core2410d.lib opencv_features2d2410d.lib opencv_flann2410d.lib opencv_gpu2410d.lib opencv_highgui2410d.lib opencv_imgproc2410d.lib opencv_legacy2410d.lib opencv_ml2410d.lib opencv_nonfree2410d.lib opencv_objdetect2410d.lib opencv_ocl2410d.lib opencv_photo2410d.lib opencv_stitching2410d.lib opencv_superres2410d.lib opencv_ts2410d.lib opencv_video2410d.lib opencv_videostab2410d.lib kernel32.lib user32.lib gdi32.lib winspool.lib comdlg32.lib advapi32.lib shell32.lib ole32.lib oleaut32.lib uuid.lib odbc32.lib odbccp32.lib /MANIFEST /ManifestFile:"Debug\opencv_first.exe.intermediate.manifest" /MANIFESTUAC:"level='asInvoker' uiAccess='false'" /DEBUG /PDB:"C:\Users\youjin\Desktop\opencv_first\Debug\opencv_first.pdb" /SUBSYSTEM:CONSOLE /TLBID:1 /DYNAMICBASE /NXCOMPAT /IMPLIB:"C:\Users\youjin\Desktop\opencv_first\Debug\opencv_first.lib" /MACHINE:X86 Debug\main.obj
         opencv_first.vcxproj -> C:\Users\youjin\Desktop\opencv_first\Debug\opencv_first.exe
       Manifest:
         C:\Program Files (x86)\Microsoft SDKs\Windows\v7.0A\bin\mt.exe /nologo /verbose /out:"C:\Users\youjin\Desktop\opencv_first\Debug\opencv_first.exe.manifest" /manifest Debug\opencv_first.exe.intermediate.manifest
       FinalizeBuildStatus:
         "Debug\opencv_first.unsuccessfulbuild" 파일을 삭제하고 있습니다.
         "Debug\opencv_first.lastbuildstate"에 연결(touching)하고 있습니다.
     1>"C:\Users\youjin\Desktop\opencv_first\opencv_first\opencv_first.vcxproj" 프로젝트를 빌드했습니다(build 대상).

빌드했습니다.

경과 시간: 00:00:03.55
